<?xml version="1.0" encoding="UTF-8"?>
<testsuite name="com.externalservices.paymentservice.PaymentServiceApplicationTests" tests="1" skipped="0" failures="0" errors="0" timestamp="2024-06-01T13:05:39" hostname="macbook-pro" time="0.418">
  <properties/>
  <testcase name="contextLoads()" classname="com.externalservices.paymentservice.PaymentServiceApplicationTests" time="0.418"/>
  <system-out><![CDATA[16:05:39.103 [Test worker] INFO org.springframework.test.context.support.AnnotationConfigContextLoaderUtils -- Could not detect default configuration classes for test class [com.externalservices.paymentservice.PaymentServiceApplicationTests]: PaymentServiceApplicationTests does not declare any static, non-private, non-final, nested classes annotated with @Configuration.
16:05:39.145 [Test worker] INFO org.springframework.boot.test.context.SpringBootTestContextBootstrapper -- Found @SpringBootConfiguration com.externalservices.paymentservice.PaymentServiceApplication for test class com.externalservices.paymentservice.PaymentServiceApplicationTests
  .   ____          _            __ _ _
 /\\ / ___'_ __ _ _(_)_ __  __ _ \ \ \ \
( ( )\___ | '_ | '_| | '_ \/ _` | \ \ \ \
 \\/  ___)| |_)| | | | | || (_| |  ) ) ) )
  '  |____| .__|_| |_|_| |_\__, | / / / /
 =========|_|==============|___/=/_/_/_/

 :: Spring Boot ::                (v3.3.0)

2024-06-01T16:05:39.301+03:00  INFO 48103 --- [payment-service] [    Test worker] c.e.p.PaymentServiceApplicationTests     : Starting PaymentServiceApplicationTests using Java 21.0.2 with PID 48103 (started by gontarenko in /Users/gontarenko/IdeaProjects/pet-projects/delivery-project/external-services/payment-service)
2024-06-01T16:05:39.302+03:00  INFO 48103 --- [payment-service] [    Test worker] c.e.p.PaymentServiceApplicationTests     : No active profile set, falling back to 1 default profile: "default"
2024-06-01T16:05:39.537+03:00  INFO 48103 --- [payment-service] [    Test worker] c.e.p.PaymentServiceApplicationTests     : Started PaymentServiceApplicationTests in 0.335 seconds (process running for 0.83)
]]></system-out>
  <system-err><![CDATA[WARNING: A Java agent has been loaded dynamically (/Users/gontarenko/.gradle/caches/modules-2/files-2.1/net.bytebuddy/byte-buddy-agent/1.14.16/4a451ee6484abac3a498df0f3b33ed00a6fced4d/byte-buddy-agent-1.14.16.jar)
WARNING: If a serviceability tool is in use, please run with -XX:+EnableDynamicAgentLoading to hide this warning
WARNING: If a serviceability tool is not in use, please run with -Djdk.instrument.traceUsage for more information
WARNING: Dynamic loading of agents will be disallowed by default in a future release
]]></system-err>
</testsuite>
